<?xml version="1.0" encoding="UTF-8"?>
<!-- Generated by org.testng.reporters.JUnitReportReporter -->
<testsuite skipped="0" hostname="Pratiksha-VAIO" name="com.auto.PracticeC.TC" tests="2" failures="0" timestamp="20 Jul 2018 03:40:43 GMT" time="0.048" errors="0">
  <testcase name="m1" time="0.019" classname="com.auto.PracticeC.TC"/>
  <testcase name="m2" time="0.029" classname="com.auto.PracticeC.TC"/>
</testsuite> <!-- com.auto.PracticeC.TC -->
